#
# There is insufficient memory for the Java Runtime Environment to continue.
# Native memory allocation (malloc) failed to allocate 32744 bytes for ChunkPool::allocate
# Possible reasons:
#   The system is out of physical RAM or swap space
#   The process is running with CompressedOops enabled, and the Java Heap may be blocking the growth of the native heap
# Possible solutions:
#   Reduce memory load on the system
#   Increase physical memory or swap space
#   Check if swap backing store is full
#   Decrease Java heap size (-Xmx/-Xms)
#   Decrease number of Java threads
#   Decrease Java thread stack sizes (-Xss)
#   Set larger code cache with -XX:ReservedCodeCacheSize=
#   JVM is running with Unscaled Compressed Oops mode in which the Java heap is
#     placed in the first 4GB address space. The Java Heap base address is the
#     maximum limit for the native heap growth. Please use -XX:HeapBaseMinAddress
#     to set the Java Heap base and to place the Java Heap above 4GB virtual address.
# This output file may be truncated or incomplete.
#
#  Out of Memory Error (allocation.cpp:272), pid=7864, tid=0x0000000000003be4
#
# JRE version: OpenJDK Runtime Environment (8.0_202-b03) (build 1.8.0_202-release-1483-b03)
# Java VM: OpenJDK 64-Bit Server VM (25.202-b03 mixed mode windows-amd64 compressed oops)
# Failed to write core dump. Minidumps are not enabled by default on client versions of Windows
#

---------------  T H R E A D  ---------------

Current thread (0x0000000016890800):  JavaThread "C2 CompilerThread1" daemon [_thread_in_native, id=15332, stack(0x0000000017fd0000,0x00000000180d0000)]

Stack: [0x0000000017fd0000,0x00000000180d0000]
[error occurred during error reporting (printing stack bounds), id 0xc0000005]

Native frames: (J=compiled Java code, j=interpreted, Vv=VM code, C=native code)


Current CompileTask:
C2:17196603 27969       4       com.android.tools.r8.t.a.a.f::a (4166 bytes)


---------------  P R O C E S S  ---------------

Java Threads: ( => current thread )
  0x000000001cdc5800 JavaThread "stdout" [_thread_in_native, id=688, stack(0x0000000061a50000,0x0000000061b50000)]
  0x000000001cdc4000 JavaThread "stderr" [_thread_in_native, id=12056, stack(0x0000000061950000,0x0000000061a50000)]
  0x000000001cdc6800 JavaThread "pool-90-thread-1" [_thread_blocked, id=4480, stack(0x0000000061850000,0x0000000061950000)]
  0x000000001dbf9800 JavaThread "WorkerExecutor Queue" [_thread_blocked, id=2148, stack(0x0000000061750000,0x0000000061850000)]
  0x000000001dbf9000 JavaThread "Cache worker for execution history cache (C:\Users\Carolina\Desktop\telemedicine\.gradle\5.4.1\executionHistory)" [_thread_blocked, id=14944, stack(0x0000000061650000,0x0000000061750000)]
  0x000000001dc00000 JavaThread "Execution worker for ':' Thread 3" [_thread_blocked, id=4500, stack(0x0000000061550000,0x0000000061650000)]
  0x000000001dbff000 JavaThread "Execution worker for ':' Thread 2" [_thread_blocked, id=14720, stack(0x0000000061450000,0x0000000061550000)]
  0x000000001dbfa800 JavaThread "Execution worker for ':'" [_thread_in_Java, id=5628, stack(0x0000000061350000,0x0000000061450000)]
  0x000000001dbf5000 JavaThread "Cache worker for file content cache (C:\Users\Carolina\Desktop\telemedicine\.gradle\5.4.1\fileContent)" [_thread_blocked, id=12128, stack(0x0000000061250000,0x0000000061350000)]
  0x000000001dbf7800 JavaThread "Cache worker for Build Output Cleanup Cache (C:\Users\Carolina\Desktop\telemedicine\.gradle\buildOutputCleanup)" [_thread_blocked, id=6800, stack(0x0000000061150000,0x0000000061250000)]
  0x000000001dbf8000 JavaThread "Build operations Thread 4" [_thread_blocked, id=1624, stack(0x0000000061050000,0x0000000061150000)]
  0x000000001dbfc000 JavaThread "Build operations Thread 3" [_thread_blocked, id=11372, stack(0x0000000060f50000,0x0000000061050000)]
  0x000000001dbf4800 JavaThread "Build operations Thread 2" [_thread_blocked, id=13940, stack(0x0000000060e50000,0x0000000060f50000)]
  0x000000001dbf2000 JavaThread "Build operations" [_thread_blocked, id=8916, stack(0x0000000060d50000,0x0000000060e50000)]
  0x000000001dbf3800 JavaThread "Cache worker for cache directory md-rule (C:\Users\Carolina\.gradle\caches\5.4.1\md-rule)" [_thread_blocked, id=12764, stack(0x0000000060c50000,0x0000000060d50000)]
  0x00000000198a5800 JavaThread "Cache worker for cache directory md-supplier (C:\Users\Carolina\.gradle\caches\5.4.1\md-supplier)" [_thread_blocked, id=1832, stack(0x0000000060b50000,0x0000000060c50000)]
  0x00000000198a4000 JavaThread "Cache worker for file hash cache (C:\Users\Carolina\Desktop\telemedicine\.gradle\5.4.1\fileHashes)" [_thread_blocked, id=2044, stack(0x0000000060a50000,0x0000000060b50000)]
  0x00000000198a3800 JavaThread "Thread-752" [_thread_blocked, id=9692, stack(0x0000000060950000,0x0000000060a50000)]
  0x00000000198a7000 JavaThread "Asynchronous log dispatcher for DefaultDaemonConnection: socket connection from /127.0.0.1:65114 to /127.0.0.1:50117" [_thread_blocked, id=14676, stack(0x0000000060750000,0x0000000060850000)]
  0x000000001989c000 JavaThread "Daemon worker Thread 26" [_thread_blocked, id=8472, stack(0x0000000060650000,0x0000000060750000)]
  0x000000001989d800 JavaThread "Cancel handler" [_thread_blocked, id=12884, stack(0x0000000060550000,0x0000000060650000)]
  0x000000001989b000 JavaThread "Handler for socket connection from /127.0.0.1:65114 to /127.0.0.1:50117" [_thread_in_native, id=15140, stack(0x0000000060450000,0x0000000060550000)]
  0x00000000198a2000 JavaThread "Daemon Thread 26" [_thread_blocked, id=3620, stack(0x0000000060350000,0x0000000060450000)]
  0x000000001989a800 JavaThread "Cache worker for Java compile cache (C:\Users\Carolina\.gradle\caches\5.4.1\javaCompile)" [_thread_blocked, id=14196, stack(0x0000000025dc0000,0x0000000025ec0000)]
  0x000000001cdcf800 JavaThread "Cache worker for file content cache (C:\Users\Carolina\.gradle\caches\5.4.1\fileContent)" [_thread_blocked, id=7204, stack(0x0000000022590000,0x0000000022690000)]
  0x000000001cdce800 JavaThread "Memory manager" [_thread_blocked, id=3084, stack(0x00000000221d0000,0x00000000222d0000)]
  0x000000001cdc8000 JavaThread "Cache worker for execution history cache (C:\Users\Carolina\.gradle\caches\5.4.1\executionHistory)" [_thread_blocked, id=13276, stack(0x0000000020a70000,0x0000000020b70000)]
  0x0000000019251800 JavaThread "Cache worker for journal cache (C:\Users\Carolina\.gradle\caches\journal-1)" [_thread_blocked, id=968, stack(0x000000001b520000,0x000000001b620000)]
  0x000000001924b800 JavaThread "File lock request listener" [_thread_in_native, id=5952, stack(0x000000001b320000,0x000000001b420000)]
  0x0000000019250800 JavaThread "Cache worker for file hash cache (C:\Users\Carolina\.gradle\caches\5.4.1\fileHashes)" [_thread_blocked, id=10012, stack(0x000000001b220000,0x000000001b320000)]
  0x00000000189a5000 JavaThread "Daemon periodic checks" [_thread_blocked, id=10756, stack(0x000000001a820000,0x000000001a920000)]
  0x00000000185c6800 JavaThread "Incoming local TCP Connector on port 65114" [_thread_in_native, id=3060, stack(0x000000001a5e0000,0x000000001a6e0000)]
  0x0000000019502800 JavaThread "Daemon health stats" [_thread_blocked, id=12744, stack(0x0000000019fa0000,0x000000001a0a0000)]
  0x00000000168ee800 JavaThread "Service Thread" daemon [_thread_blocked, id=4672, stack(0x00000000185d0000,0x00000000186d0000)]
  0x0000000016898000 JavaThread "C1 CompilerThread2" daemon [_thread_blocked, id=8724, stack(0x00000000180d0000,0x00000000181d0000)]
=>0x0000000016890800 JavaThread "C2 CompilerThread1" daemon [_thread_in_native, id=15332, stack(0x0000000017fd0000,0x00000000180d0000)]
  0x000000001688d000 JavaThread "C2 CompilerThread0" daemon [_thread_in_native, id=2572, stack(0x0000000017ed0000,0x0000000017fd0000)]
  0x0000000016896800 JavaThread "Attach Listener" daemon [_thread_blocked, id=8752, stack(0x0000000017dd0000,0x0000000017ed0000)]
  0x0000000016895000 JavaThread "Signal Dispatcher" daemon [_thread_blocked, id=14908, stack(0x0000000017cd0000,0x0000000017dd0000)]
  0x0000000002f1b000 JavaThread "Finalizer" daemon [_thread_blocked, id=13644, stack(0x0000000017ae0000,0x0000000017be0000)]
  0x0000000016879000 JavaThread "Reference Handler" daemon [_thread_blocked, id=9540, stack(0x00000000179e0000,0x0000000017ae0000)]
  0x0000000002cfe800 JavaThread "main" [_thread_blocked, id=12804, stack(0x0000000002d20000,0x0000000002e20000)]

Other Threads:
  0x0000000016856000 VMThread [stack: 0x00000000178e0000,0x00000000179e0000] [id=14216]
  0x00000000181fe000 WatcherThread [stack: 0x00000000186d0000,0x00000000187d0000] [id=3956]

VM state:not at safepoint (normal execution)

VM Mutex/Monitor currently owned by a thread: None

heap address: 0x00000000a0000000, size: 1536 MB, Compressed Oops mode: 32-bit
Narrow klass base: 0x0000000000000000, Narrow klass shift: 3
Compressed class space size: 1073741824 Address: 0x0000000100000000

Heap:
 PSYoungGen      total 330752K, used 155595K [0x00000000e0000000, 0x00000000f7980000, 0x0000000100000000)
  eden space 300544K, 43% used [0x00000000e0000000,0x00000000e80f5130,0x00000000f2580000)
  from space 30208K, 77% used [0x00000000f2580000,0x00000000f3c7ddd0,0x00000000f4300000)
  to   space 30720K, 0% used [0x00000000f5b80000,0x00000000f5b80000,0x00000000f7980000)
 ParOldGen       total 197632K, used 58971K [0x00000000a0000000, 0x00000000ac100000, 0x00000000e0000000)
  object space 197632K, 29% used [0x00000000a0000000,0x00000000a3996f38,0x00000000ac100000)
 Metaspace       used 98603K, capacity 105629K, committed 105896K, reserved 1140736K
  class space    used 12474K, capacity 13672K, committed 13736K, reserved 1048576K

Card table byte_map: [0x00000000122e0000,0x00000000125f0000] byte_map_base: 0x0000000011de0000

Marking Bits: (ParMarkBitMap*) 0x000000005e639f30
 Begin Bits: [0x0000000012bf0000, 0x00000000143f0000)
 End Bits:   [0x00000000143f0000, 0x0000000015bf0000)

Polling page: 0x0000000001340000

CodeCache: size=245760Kb used=81346Kb max_used=81770Kb free=164413Kb
 bounds [0x0000000002f20000, 0x0000000007f90000, 0x0000000011f20000]
 total_blobs=22240 nmethods=21351 adapters=798
 compilation: enabled

Compilation events (10 events):
Event: 17191.887 Thread 0x000000001688d000 nmethod 27978 0x000000000611ab90 code [0x000000000611acc0, 0x000000000611ad38]
Event: 17191.887 Thread 0x000000001688d000 27832       4       com.android.tools.r8.ir.conversion.IRBuilder::g (395 bytes)
Event: 17191.983 Thread 0x0000000016898000 27985       2       com.android.tools.r8.ir.conversion.IRBuilder::b (31 bytes)
Event: 17191.984 Thread 0x0000000016898000 nmethod 27985 0x0000000007c8ccd0 code [0x0000000007c8ce60, 0x0000000007c8d068]
Event: 17192.039 Thread 0x0000000016898000 27990       2       com.android.tools.r8.ir.code.Y::instructionTypeCanThrow (25 bytes)
Event: 17192.039 Thread 0x0000000016898000 nmethod 27990 0x00000000061e7650 code [0x00000000061e77a0, 0x00000000061e7930]
Event: 17192.627 Thread 0x0000000016898000 27995       2       com.android.tools.r8.n.a.a.a.g.m::contains (18 bytes)
Event: 17192.628 Thread 0x0000000016898000 nmethod 27995 0x00000000061e7250 code [0x00000000061e73c0, 0x00000000061e7588]
Event: 17192.628 Thread 0x0000000016898000 27996       2       com.android.tools.r8.n.a.a.a.g.q::e (14 bytes)
Event: 17192.628 Thread 0x0000000016898000 nmethod 27996 0x00000000061e6ed0 code [0x00000000061e7040, 0x00000000061e71c8]

GC Heap History (10 events):
Event: 17177.775 GC heap before
{Heap before GC invocations=71 (full 4):
 PSYoungGen      total 289792K, used 278744K [0x00000000e0000000, 0x00000000f3f80000, 0x0000000100000000)
  eden space 255488K, 100% used [0x00000000e0000000,0x00000000ef980000,0x00000000ef980000)
  from space 34304K, 67% used [0x00000000f1b80000,0x00000000f32361e8,0x00000000f3d00000)
  to   space 34816K, 0% used [0x00000000ef980000,0x00000000ef980000,0x00000000f1b80000)
 ParOldGen       total 197632K, used 58891K [0x00000000a0000000, 0x00000000ac100000, 0x00000000e0000000)
  object space 197632K, 29% used [0x00000000a0000000,0x00000000a3982f38,0x00000000ac100000)
 Metaspace       used 98536K, capacity 105611K, committed 105896K, reserved 1140736K
  class space    used 12470K, capacity 13671K, committed 13736K, reserved 1048576K
Event: 17177.812 GC heap after
Heap after GC invocations=71 (full 4):
 PSYoungGen      total 290304K, used 17733K [0x00000000e0000000, 0x00000000f5400000, 0x0000000100000000)
  eden space 255488K, 0% used [0x00000000e0000000,0x00000000e0000000,0x00000000ef980000)
  from space 34816K, 50% used [0x00000000ef980000,0x00000000f0ad1648,0x00000000f1b80000)
  to   space 33280K, 0% used [0x00000000f3380000,0x00000000f3380000,0x00000000f5400000)
 ParOldGen       total 197632K, used 58915K [0x00000000a0000000, 0x00000000ac100000, 0x00000000e0000000)
  object space 197632K, 29% used [0x00000000a0000000,0x00000000a3988f38,0x00000000ac100000)
 Metaspace       used 98536K, capacity 105611K, committed 105896K, reserved 1140736K
  class space    used 12470K, capacity 13671K, committed 13736K, reserved 1048576K
}
Event: 17183.426 GC heap before
{Heap before GC invocations=72 (full 4):
 PSYoungGen      total 290304K, used 273221K [0x00000000e0000000, 0x00000000f5400000, 0x0000000100000000)
  eden space 255488K, 100% used [0x00000000e0000000,0x00000000ef980000,0x00000000ef980000)
  from space 34816K, 50% used [0x00000000ef980000,0x00000000f0ad1648,0x00000000f1b80000)
  to   space 33280K, 0% used [0x00000000f3380000,0x00000000f3380000,0x00000000f5400000)
 ParOldGen       total 197632K, used 58915K [0x00000000a0000000, 0x00000000ac100000, 0x00000000e0000000)
  object space 197632K, 29% used [0x00000000a0000000,0x00000000a3988f38,0x00000000ac100000)
 Metaspace       used 98549K, capacity 105619K, committed 105896K, reserved 1140736K
  class space    used 12471K, capacity 13671K, committed 13736K, reserved 1048576K
Event: 17183.458 GC heap after
Heap after GC invocations=72 (full 4):
 PSYoungGen      total 306688K, used 20266K [0x00000000e0000000, 0x00000000f4f00000, 0x0000000100000000)
  eden space 278528K, 0% used [0x00000000e0000000,0x00000000e0000000,0x00000000f1000000)
  from space 28160K, 71% used [0x00000000f3380000,0x00000000f474a980,0x00000000f4f00000)
  to   space 32256K, 0% used [0x00000000f1000000,0x00000000f1000000,0x00000000f2f80000)
 ParOldGen       total 197632K, used 58971K [0x00000000a0000000, 0x00000000ac100000, 0x00000000e0000000)
  object space 197632K, 29% used [0x00000000a0000000,0x00000000a3996f38,0x00000000ac100000)
 Metaspace       used 98549K, capacity 105619K, committed 105896K, reserved 1140736K
  class space    used 12471K, capacity 13671K, committed 13736K, reserved 1048576K
}
Event: 17186.236 GC heap before
{Heap before GC invocations=73 (full 4):
 PSYoungGen      total 306688K, used 298794K [0x00000000e0000000, 0x00000000f4f00000, 0x0000000100000000)
  eden space 278528K, 100% used [0x00000000e0000000,0x00000000f1000000,0x00000000f1000000)
  from space 28160K, 71% used [0x00000000f3380000,0x00000000f474a980,0x00000000f4f00000)
  to   space 32256K, 0% used [0x00000000f1000000,0x00000000f1000000,0x00000000f2f80000)
 ParOldGen       total 197632K, used 58971K [0x00000000a0000000, 0x00000000ac100000, 0x00000000e0000000)
  object space 197632K, 29% used [0x00000000a0000000,0x00000000a3996f38,0x00000000ac100000)
 Metaspace       used 98559K, capacity 105623K, committed 105896K, reserved 1140736K
  class space    used 12473K, capacity 13671K, committed 13736K, reserved 1048576K
Event: 17186.263 GC heap after
Heap after GC invocations=73 (full 4):
 PSYoungGen      total 310784K, used 18237K [0x00000000e0000000, 0x00000000f6400000, 0x0000000100000000)
  eden space 278528K, 0% used [0x00000000e0000000,0x00000000e0000000,0x00000000f1000000)
  from space 32256K, 56% used [0x00000000f1000000,0x00000000f21cf528,0x00000000f2f80000)
  to   space 31232K, 0% used [0x00000000f4580000,0x00000000f4580000,0x00000000f6400000)
 ParOldGen       total 197632K, used 58971K [0x00000000a0000000, 0x00000000ac100000, 0x00000000e0000000)
  object space 197632K, 29% used [0x00000000a0000000,0x00000000a3996f38,0x00000000ac100000)
 Metaspace       used 98559K, capacity 105623K, committed 105896K, reserved 1140736K
  class space    used 12473K, capacity 13671K, committed 13736K, reserved 1048576K
}
Event: 17188.341 GC heap before
{Heap before GC invocations=74 (full 4):
 PSYoungGen      total 310784K, used 296765K [0x00000000e0000000, 0x00000000f6400000, 0x0000000100000000)
  eden space 278528K, 100% used [0x00000000e0000000,0x00000000f1000000,0x00000000f1000000)
  from space 32256K, 56% used [0x00000000f1000000,0x00000000f21cf528,0x00000000f2f80000)
  to   space 31232K, 0% used [0x00000000f4580000,0x00000000f4580000,0x00000000f6400000)
 ParOldGen       total 197632K, used 58971K [0x00000000a0000000, 0x00000000ac100000, 0x00000000e0000000)
  object space 197632K, 29% used [0x00000000a0000000,0x00000000a3996f38,0x00000000ac100000)
 Metaspace       used 98576K, capacity 105629K, committed 105896K, reserved 1140736K
  class space    used 12473K, capacity 13672K, committed 13736K, reserved 1048576K
Event: 17188.365 GC heap after
Heap after GC invocations=74 (full 4):
 PSYoungGen      total 328192K, used 16612K [0x00000000e0000000, 0x00000000f6080000, 0x0000000100000000)
  eden space 300544K, 0% used [0x00000000e0000000,0x00000000e0000000,0x00000000f2580000)
  from space 27648K, 60% used [0x00000000f4580000,0x00000000f55b9070,0x00000000f6080000)
  to   space 30208K, 0% used [0x00000000f2580000,0x00000000f2580000,0x00000000f4300000)
 ParOldGen       total 197632K, used 58971K [0x00000000a0000000, 0x00000000ac100000, 0x00000000e0000000)
  object space 197632K, 29% used [0x00000000a0000000,0x00000000a3996f38,0x00000000ac100000)
 Metaspace       used 98576K, capacity 105629K, committed 105896K, reserved 1140736K
  class space    used 12473K, capacity 13672K, committed 13736K, reserved 1048576K
}
Event: 17190.740 GC heap before
{Heap before GC invocations=75 (full 4):
 PSYoungGen      total 328192K, used 317156K [0x00000000e0000000, 0x00000000f6080000, 0x0000000100000000)
  eden space 300544K, 100% used [0x00000000e0000000,0x00000000f2580000,0x00000000f2580000)
  from space 27648K, 60% used [0x00000000f4580000,0x00000000f55b9070,0x00000000f6080000)
  to   space 30208K, 0% used [0x00000000f2580000,0x00000000f2580000,0x00000000f4300000)
 ParOldGen       total 197632K, used 58971K [0x00000000a0000000, 0x00000000ac100000, 0x00000000e0000000)
  object space 197632K, 29% used [0x00000000a0000000,0x00000000a3996f38,0x00000000ac100000)
 Metaspace       used 98600K, capacity 105629K, committed 105896K, reserved 1140736K
  class space    used 12474K, capacity 13672K, committed 13736K, reserved 1048576K
Event: 17190.791 GC heap after
Heap after GC invocations=75 (full 4):
 PSYoungGen      total 330752K, used 23543K [0x00000000e0000000, 0x00000000f7980000, 0x0000000100000000)
  eden space 300544K, 0% used [0x00000000e0000000,0x00000000e0000000,0x00000000f2580000)
  from space 30208K, 77% used [0x00000000f2580000,0x00000000f3c7ddd0,0x00000000f4300000)
  to   space 30720K, 0% used [0x00000000f5b80000,0x00000000f5b80000,0x00000000f7980000)
 ParOldGen       total 197632K, used 58971K [0x00000000a0000000, 0x00000000ac100000, 0x00000000e0000000)
  object space 197632K, 29% used [0x00000000a0000000,0x00000000a3996f38,0x00000000ac100000)
 Metaspace       used 98600K, capacity 105629K, committed 105896K, reserved 1140736K
  class space    used 12474K, capacity 13672K, committed 13736K, reserved 1048576K
}

Deoptimization events (10 events):
Event: 17189.156 Thread 0x000000001dbfa800 Uncommon trap: reason=bimorphic action=maybe_recompile pc=0x0000000007e2b0fc method=com.android.tools.r8.ir.optimize.CodeRewriter.a(Lcom/android/tools/r8/ir/code/IRCode;Lcom/android/tools/r8/ir/code/BasicBlock;Lcom/android/tools/r8/m/a/a/a/X;Ljava/util/Ma
Event: 17189.596 Thread 0x000000001dbfa800 Uncommon trap: reason=speculate_class_check action=maybe_recompile pc=0x00000000061d8b38 method=com.android.tools.r8.ir.conversion.IRBuilder.a(ILcom/android/tools/r8/ir/code/k0;)Lcom/android/tools/r8/ir/code/Value; @ 151
Event: 17189.596 Thread 0x000000001dbfa800 Uncommon trap: reason=speculate_class_check action=maybe_recompile pc=0x00000000061d8b38 method=com.android.tools.r8.ir.conversion.IRBuilder.a(ILcom/android/tools/r8/ir/code/k0;)Lcom/android/tools/r8/ir/code/Value; @ 151
Event: 17189.626 Thread 0x000000001dbfa800 Uncommon trap: reason=unstable_if action=reinterpret pc=0x0000000007eb3384 method=com.android.tools.r8.ir.code.Instruction.identicalAfterRegisterAllocation(Lcom/android/tools/r8/ir/code/Instruction;Lcom/android/tools/r8/ir/regalloc/RegisterAllocator;)Z @ 
Event: 17189.666 Thread 0x000000001dbfa800 Uncommon trap: reason=class_check action=maybe_recompile pc=0x0000000006691b5c method=com.android.tools.r8.ir.analysis.g.e.a(Ljava/util/List;Ljava/util/Map$Entry;)V @ 6
Event: 17189.696 Thread 0x000000001dbfa800 Uncommon trap: reason=class_check action=maybe_recompile pc=0x0000000007c2b7e8 method=com.android.tools.r8.ir.optimize.g.a(Lcom/android/tools/r8/ir/code/IRCode;)V @ 218
Event: 17189.699 Thread 0x000000001dbfa800 Uncommon trap: reason=unstable_if action=reinterpret pc=0x0000000007cc7200 method=com.android.tools.r8.ir.regalloc.LinearScanRegisterAllocator.a(Lcom/android/tools/r8/m/a/a/b/d0;Ljava/util/List;Lcom/android/tools/r8/ir/regalloc/RegisterAllocator;Ljava/uti
Event: 17191.652 Thread 0x000000001dbfa800 Uncommon trap: reason=class_check action=maybe_recompile pc=0x0000000007c2b7e8 method=com.android.tools.r8.ir.optimize.g.a(Lcom/android/tools/r8/ir/code/IRCode;)V @ 218
Event: 17191.747 Thread 0x000000001dbfa800 Uncommon trap: reason=unstable_if action=reinterpret pc=0x0000000007ac3700 method=com.android.tools.r8.ir.conversion.N.b(Lcom/android/tools/r8/t/a/a/G/a;)Z @ 39
Event: 17191.750 Thread 0x000000001dbfa800 Uncommon trap: reason=unstable_if action=reinterpret pc=0x0000000007aeb9e8 method=com.android.tools.r8.ir.conversion.N.b(Lcom/android/tools/r8/t/a/a/G/a;)Z @ 27

Classes redefined (0 events):
No events

Internal exceptions (10 events):
Event: 17188.197 Thread 0x000000001dbfa800 Exception <a 'sun/nio/fs/WindowsException'> (0x00000000efada0e0) thrown at [D:\src\AOSP-openjdk-cygwin\jdk8u\hotspot\src\share\vm\prims\jni.cpp, line 710]
Event: 17188.221 Thread 0x000000001dbfa800 Exception <a 'sun/nio/fs/WindowsException'> (0x00000000efb5b920) thrown at [D:\src\AOSP-openjdk-cygwin\jdk8u\hotspot\src\share\vm\prims\jni.cpp, line 710]
Event: 17188.401 Thread 0x000000001dbfa800 Exception <a 'sun/nio/fs/WindowsException'> (0x00000000e0519148) thrown at [D:\src\AOSP-openjdk-cygwin\jdk8u\hotspot\src\share\vm\prims\jni.cpp, line 710]
Event: 17188.433 Thread 0x000000001dbfa800 Exception <a 'sun/nio/fs/WindowsException'> (0x00000000e05c1310) thrown at [D:\src\AOSP-openjdk-cygwin\jdk8u\hotspot\src\share\vm\prims\jni.cpp, line 710]
Event: 17188.604 Thread 0x000000001dbfa800 Exception <a 'sun/nio/fs/WindowsException'> (0x00000000e2713630) thrown at [D:\src\AOSP-openjdk-cygwin\jdk8u\hotspot\src\share\vm\prims\jni.cpp, line 710]
Event: 17188.644 Thread 0x000000001dbfa800 Exception <a 'sun/nio/fs/WindowsException'> (0x00000000e27c7270) thrown at [D:\src\AOSP-openjdk-cygwin\jdk8u\hotspot\src\share\vm\prims\jni.cpp, line 710]
Event: 17188.754 Thread 0x000000001dbfa800 Exception <a 'sun/nio/fs/WindowsException'> (0x00000000e3f0a050) thrown at [D:\src\AOSP-openjdk-cygwin\jdk8u\hotspot\src\share\vm\prims\jni.cpp, line 710]
Event: 17188.774 Thread 0x000000001dbfa800 Exception <a 'sun/nio/fs/WindowsException'> (0x00000000e3f62000) thrown at [D:\src\AOSP-openjdk-cygwin\jdk8u\hotspot\src\share\vm\prims\jni.cpp, line 710]
Event: 17188.791 Thread 0x000000001dbfa800 Exception <a 'sun/nio/fs/WindowsException'> (0x00000000e4259d50) thrown at [D:\src\AOSP-openjdk-cygwin\jdk8u\hotspot\src\share\vm\prims\jni.cpp, line 710]
Event: 17188.962 Thread 0x000000001dbfa800 Exception <a 'sun/nio/fs/WindowsException'> (0x00000000e4d02520) thrown at [D:\src\AOSP-openjdk-cygwin\jdk8u\hotspot\src\share\vm\prims\jni.cpp, line 710]

Events (10 events):
Event: 17192.051 Thread 0x000000001dbfa800 DEOPT PACKING pc=0x00000000060f84f6 sp=0x0000000061449f10
Event: 17192.052 Thread 0x000000001dbfa800 DEOPT UNPACKING pc=0x0000000002f675d0 sp=0x0000000061449f20 mode 0
Event: 17192.093 Thread 0x000000001dbfa800 DEOPT PACKING pc=0x00000000060f84f6 sp=0x0000000061449f10
Event: 17192.093 Thread 0x000000001dbfa800 DEOPT UNPACKING pc=0x0000000002f675d0 sp=0x0000000061449f20 mode 0
Event: 17192.611 Thread 0x000000001dbfa800 DEOPT PACKING pc=0x00000000060f84f6 sp=0x0000000061449f10
Event: 17192.611 Thread 0x000000001dbfa800 DEOPT UNPACKING pc=0x0000000002f675d0 sp=0x0000000061449f20 mode 0
Event: 17192.637 Thread 0x000000001dbfa800 DEOPT PACKING pc=0x00000000060f7b1d sp=0x0000000061449f10
Event: 17192.637 Thread 0x000000001dbfa800 DEOPT UNPACKING pc=0x0000000002f675d0 sp=0x0000000061449f28 mode 0
Event: 17192.679 Thread 0x000000001dbfa800 DEOPT PACKING pc=0x00000000060f7b1d sp=0x0000000061449f10
Event: 17192.679 Thread 0x000000001dbfa800 DEOPT UNPACKING pc=0x0000000002f675d0 sp=0x0000000061449f28 mode 0


Dynamic libraries:
0x00007ff75ab30000 - 0x00007ff75ab61000 	C:\Program Files\Android\Android Studio\jre\bin\java.exe
0x00007ffab2b60000 - 0x00007ffab2d41000 	C:\Windows\SYSTEM32\ntdll.dll
0x00007ffab27b0000 - 0x00007ffab2861000 	C:\Windows\System32\KERNEL32.DLL
0x00007ffaaf180000 - 0x00007ffaaf3f3000 	C:\Windows\System32\KERNELBASE.dll
0x00007ffab1f40000 - 0x00007ffab1fe1000 	C:\Windows\System32\ADVAPI32.dll
0x00007ffab0140000 - 0x00007ffab01de000 	C:\Windows\System32\msvcrt.dll
0x00007ffab2100000 - 0x00007ffab215b000 	C:\Windows\System32\sechost.dll
0x00007ffaafff0000 - 0x00007ffab0114000 	C:\Windows\System32\RPCRT4.dll
0x00007ffab1ba0000 - 0x00007ffab1d30000 	C:\Windows\System32\USER32.dll
0x00007ffaaef30000 - 0x00007ffaaef50000 	C:\Windows\System32\win32u.dll
0x00007ffab2870000 - 0x00007ffab2898000 	C:\Windows\System32\GDI32.dll
0x00007ffaaf4b0000 - 0x00007ffaaf641000 	C:\Windows\System32\gdi32full.dll
0x00007ffaafd60000 - 0x00007ffaafdff000 	C:\Windows\System32\msvcp_win.dll
0x00007ffaaf030000 - 0x00007ffaaf128000 	C:\Windows\System32\ucrtbase.dll
0x00007ffaa7120000 - 0x00007ffaa7389000 	C:\Windows\WinSxS\amd64_microsoft.windows.common-controls_6595b64144ccf1df_6.0.17134.829_none_fb46a5473061b9d5\COMCTL32.dll
0x00007ffab0430000 - 0x00007ffab0752000 	C:\Windows\System32\combase.dll
0x00007ffaaefb0000 - 0x00007ffaaf02a000 	C:\Windows\System32\bcryptPrimitives.dll
0x00007ffab1d90000 - 0x00007ffab1dbd000 	C:\Windows\System32\IMM32.DLL
0x000000005f070000 - 0x000000005f142000 	C:\Program Files\Android\Android Studio\jre\jre\bin\msvcr100.dll
0x000000005de70000 - 0x000000005e6b6000 	C:\Program Files\Android\Android Studio\jre\jre\bin\server\jvm.dll
0x00007ffab21e0000 - 0x00007ffab21e8000 	C:\Windows\System32\PSAPI.DLL
0x00007ffaa3be0000 - 0x00007ffaa3bea000 	C:\Windows\SYSTEM32\VERSION.dll
0x00007ffaaae20000 - 0x00007ffaaae43000 	C:\Windows\SYSTEM32\WINMM.dll
0x00007ffaaadf0000 - 0x00007ffaaae1a000 	C:\Windows\SYSTEM32\WINMMBASE.dll
0x00007ffaaf130000 - 0x00007ffaaf179000 	C:\Windows\System32\cfgmgr32.dll
0x00007ffa9c2c0000 - 0x00007ffa9c2c9000 	C:\Windows\SYSTEM32\WSOCK32.dll
0x00007ffab22f0000 - 0x00007ffab235c000 	C:\Windows\System32\WS2_32.dll
0x00007ffaa2f70000 - 0x00007ffaa2f7f000 	C:\Program Files\Android\Android Studio\jre\jre\bin\verify.dll
0x00007ffa8ff40000 - 0x00007ffa8ff69000 	C:\Program Files\Android\Android Studio\jre\jre\bin\java.dll
0x00007ffaa2e40000 - 0x00007ffaa2e56000 	C:\Program Files\Android\Android Studio\jre\jre\bin\zip.dll
0x00007ffab0760000 - 0x00007ffab1ba0000 	C:\Windows\System32\SHELL32.dll
0x00007ffab1ff0000 - 0x00007ffab2099000 	C:\Windows\System32\shcore.dll
0x00007ffaaf650000 - 0x00007ffaafd5d000 	C:\Windows\System32\windows.storage.dll
0x00007ffab21f0000 - 0x00007ffab2241000 	C:\Windows\System32\shlwapi.dll
0x00007ffaaee70000 - 0x00007ffaaee81000 	C:\Windows\System32\kernel.appcore.dll
0x00007ffaaee90000 - 0x00007ffaaeeaf000 	C:\Windows\System32\profapi.dll
0x00007ffaaeeb0000 - 0x00007ffaaeefc000 	C:\Windows\System32\powrprof.dll
0x00007ffaaef00000 - 0x00007ffaaef0a000 	C:\Windows\System32\FLTLIB.DLL
0x00007ffa8f5a0000 - 0x00007ffa8f5ba000 	C:\Program Files\Android\Android Studio\jre\jre\bin\net.dll
0x00007ffaae6f0000 - 0x00007ffaae756000 	C:\Windows\system32\mswsock.dll
0x00007ffa8e3e0000 - 0x00007ffa8e3f1000 	C:\Program Files\Android\Android Studio\jre\jre\bin\nio.dll
0x00007ffa840a0000 - 0x00007ffa840c6000 	C:\Users\Carolina\.gradle\native\29\windows-amd64\native-platform.dll
0x00007ffaa2f60000 - 0x00007ffaa2f6d000 	C:\Program Files\Android\Android Studio\jre\jre\bin\management.dll
0x00007ffaae8b0000 - 0x00007ffaae8c7000 	C:\Windows\SYSTEM32\CRYPTSP.dll
0x00007ffaae2e0000 - 0x00007ffaae313000 	C:\Windows\system32\rsaenh.dll
0x00007ffaae9d0000 - 0x00007ffaae9f5000 	C:\Windows\SYSTEM32\bcrypt.dll
0x00007ffaaeda0000 - 0x00007ffaaedc8000 	C:\Windows\SYSTEM32\USERENV.dll
0x00007ffaae8a0000 - 0x00007ffaae8ab000 	C:\Windows\SYSTEM32\CRYPTBASE.dll
0x00007ffaae480000 - 0x00007ffaae4b8000 	C:\Windows\SYSTEM32\IPHLPAPI.DLL
0x00007ffab0120000 - 0x00007ffab0128000 	C:\Windows\System32\NSI.dll
0x00007ffaa6190000 - 0x00007ffaa61a6000 	C:\Windows\SYSTEM32\dhcpcsvc6.DLL
0x00007ffaa6150000 - 0x00007ffaa616a000 	C:\Windows\SYSTEM32\dhcpcsvc.DLL

VM Arguments:
jvm_args: -Xmx1536m -Dfile.encoding=windows-1252 -Duser.country=US -Duser.language=en -Duser.variant 
java_command: org.gradle.launcher.daemon.bootstrap.GradleDaemon 5.4.1
java_class_path (initial): C:\Users\Carolina\.gradle\wrapper\dists\gradle-5.4.1-all\3221gyojl5jsh0helicew7rwx\gradle-5.4.1\lib\gradle-launcher-5.4.1.jar
Launcher Type: SUN_STANDARD

Environment Variables:
PATH=C:\Windows\system32;C:\Windows;C:\Windows\System32\Wbem;C:\Windows\System32\WindowsPowerShell\v1.0\;C:\Windows\System32\OpenSSH\;C:\Program Files\dotnet\;C:\Program Files\Microsoft SQL Server\130\Tools\Binn\;C:\Program Files (x86)\Rational\common;C:\Program Files\nodejs\;C:\Program Files\Microsoft SQL Server\Client SDK\ODBC\130\Tools\Binn\;C:\Program Files (x86)\Microsoft SQL Server\140\Tools\Binn\;C:\Program Files\Microsoft SQL Server\140\Tools\Binn\;C:\Program Files\Microsoft SQL Server\140\DTS\Binn\;C:\Program Files (x86)\Microsoft SQL Server\150\DTS\Binn\;C:\php;C:\ProgramData\ComposerSetup\bin;C:\Program Files\Git\cmd;C:\Users\Carolina\AppData\Local\Microsoft\WindowsApps;;C:\Users\Carolina\AppData\Local\Programs\Microsoft VS Code\bin;C:\Users\Carolina\AppData\Roaming\npm
USERNAME=Carolina
OS=Windows_NT
PROCESSOR_IDENTIFIER=Intel64 Family 6 Model 61 Stepping 4, GenuineIntel



---------------  S Y S T E M  ---------------

OS: Windows 10.0 , 64 bit Build 17134 (10.0.17134.753)

CPU:total 4 (initial active 4) (2 cores per cpu, 2 threads per core) family 6 model 61 stepping 4, cmov, cx8, fxsr, mmx, sse, sse2, sse3, ssse3, sse4.1, sse4.2, popcnt, avx, avx2, aes, clmul, erms, 3dnowpref, lzcnt, ht, tsc, tscinvbit, bmi1, bmi2, adx

Memory: 4k page, physical 8291016k(567848k free), swap 15341648k(3256k free)

vm_info: OpenJDK 64-Bit Server VM (25.202-b03) for windows-amd64 JRE (1.8.0_202-release-1483-b03), built by "builder" with MS VC++ 10.0 (VS2010)

time: Sun Jan 05 15:40:06 2020
timezone: GTB Standard Time
elapsed time: 17192 seconds (0d 4h 46m 32s)

